<?xml version="1.0" encoding="UTF-8"?>
<!-- Generated by org.testng.reporters.JUnitReportReporter -->
<testsuite hostname="4-ME" failures="0" tests="1" name="tests.Testing1" time="0.019" errors="0" timestamp="24 Apr 2022 18:59:33 GMT" skipped="0">
  <testcase classname="tests.Testing1" name="f" time="0.019"/>
</testsuite> <!-- tests.Testing1 -->
